\BOOKMARK [0][-]{chapter.1}{Introduction}{}% 1
\BOOKMARK [1][-]{section.1.1}{State of the art}{chapter.1}% 2
\BOOKMARK [1][-]{section.1.2}{Previous work}{chapter.1}% 3
\BOOKMARK [1][-]{section.1.3}{My job}{chapter.1}% 4
\BOOKMARK [0][-]{chapter.2}{Material and methods}{}% 5
\BOOKMARK [1][-]{section.2.1}{Arm model}{chapter.2}% 6
\BOOKMARK [2][-]{subsection.2.1.1}{Arm parameters}{section.2.1}% 7
\BOOKMARK [2][-]{subsection.2.1.2}{Muscles parameters}{section.2.1}% 8
\BOOKMARK [2][-]{subsection.2.1.3}{Rigid-body dynamics}{section.2.1}% 9
\BOOKMARK [2][-]{subsection.2.1.4}{Muscular actuation}{section.2.1}% 10
\BOOKMARK [1][-]{section.2.2}{Experimental set-up}{chapter.2}% 11
\BOOKMARK [1][-]{section.2.3}{Mathematical formulation of the model}{chapter.2}% 12
\BOOKMARK [1][-]{section.2.4}{Learning method, RBFN controller}{chapter.2}% 13
\BOOKMARK [2][-]{subsection.2.4.1}{Theory}{section.2.4}% 14
\BOOKMARK [2][-]{subsection.2.4.2}{Implementation}{section.2.4}% 15
\BOOKMARK [1][-]{section.2.5}{Optimisation, CMAES controller}{chapter.2}% 16
\BOOKMARK [0][-]{chapter.3}{Study}{}% 17
\BOOKMARK [1][-]{section.3.1}{Experiments}{chapter.3}% 18
\BOOKMARK [2][-]{subsection.3.1.1}{Model tests}{section.3.1}% 19
\BOOKMARK [2][-]{subsection.3.1.2}{Create a RBFN controller}{section.3.1}% 20
\BOOKMARK [2][-]{subsection.3.1.3}{Optimize the RBFN controller}{section.3.1}% 21
\BOOKMARK [1][-]{section.3.2}{Results}{chapter.3}% 22
\BOOKMARK [2][-]{subsection.3.2.1}{Performance of the RBFN controller}{section.3.2}% 23
\BOOKMARK [2][-]{subsection.3.2.2}{Performance of the CMA-ES controllers}{section.3.2}% 24
\BOOKMARK [0][-]{chapter.4}{Appendix}{}% 25
\BOOKMARK [1][-]{section.4.1}{Nomenclature of arm parameters}{chapter.4}% 26
\BOOKMARK [1][-]{section.4.2}{RBFN implementation}{chapter.4}% 27
