This is pdfTeX, Version 3.14159265-2.6-1.40.15 (MiKTeX 2.9) (preloaded format=pdflatex 2015.5.20)  8 JUN 2015 02:47
entering extended mode
**ArmModelTB.tex
(ArmModelTB.tex
LaTeX2e <2015/01/01>
Babel <3.9l> and hyphenation patterns for 69 languages loaded.
("C:\Program Files\MiKTeX 2.9\tex\latex\base\report.cls"
Document Class: report 2014/09/29 v1.4h Standard LaTeX document class
("C:\Program Files\MiKTeX 2.9\tex\latex\base\size11.clo"
File: size11.clo 2014/09/29 v1.4h Standard LaTeX file (size option)
)
\c@part=\count79
\c@chapter=\count80
\c@section=\count81
\c@subsection=\count82
\c@subsubsection=\count83
\c@paragraph=\count84
\c@subparagraph=\count85
\c@figure=\count86
\c@table=\count87
\abovecaptionskip=\skip41
\belowcaptionskip=\skip42
\bibindent=\dimen102
)
("C:\Program Files\MiKTeX 2.9\tex\latex\graphics\graphicx.sty"
Package: graphicx 2014/10/28 v1.0g Enhanced LaTeX Graphics (DPC,SPQR)

("C:\Program Files\MiKTeX 2.9\tex\latex\graphics\keyval.sty"
Package: keyval 2014/10/28 v1.15 key=value parser (DPC)
\KV@toks@=\toks14
)
("C:\Program Files\MiKTeX 2.9\tex\latex\graphics\graphics.sty"
Package: graphics 2014/10/28 v1.0p Standard LaTeX Graphics (DPC,SPQR)

("C:\Program Files\MiKTeX 2.9\tex\latex\graphics\trig.sty"
Package: trig 1999/03/16 v1.09 sin cos tan (DPC)
)
("C:\Program Files\MiKTeX 2.9\tex\latex\00miktex\graphics.cfg"
File: graphics.cfg 2007/01/18 v1.5 graphics configuration of teTeX/TeXLive
)
Package graphics Info: Driver file: pdftex.def on input line 94.

("C:\Program Files\MiKTeX 2.9\tex\latex\pdftex-def\pdftex.def"
File: pdftex.def 2011/05/27 v0.06d Graphics/color for pdfTeX

("C:\Program Files\MiKTeX 2.9\tex\generic\oberdiek\infwarerr.sty"
Package: infwarerr 2010/04/08 v1.3 Providing info/warning/error messages (HO)
)
("C:\Program Files\MiKTeX 2.9\tex\generic\oberdiek\ltxcmds.sty"
Package: ltxcmds 2011/11/09 v1.22 LaTeX kernel commands for general use (HO)
)
\Gread@gobject=\count88
))
\Gin@req@height=\dimen103
\Gin@req@width=\dimen104
)
("C:\Program Files\MiKTeX 2.9\tex\latex\amsmath\amsmath.sty"
Package: amsmath 2013/01/14 v2.14 AMS math features
\@mathmargin=\skip43

For additional information on amsmath, use the `?' option.
("C:\Program Files\MiKTeX 2.9\tex\latex\amsmath\amstext.sty"
Package: amstext 2000/06/29 v2.01

("C:\Program Files\MiKTeX 2.9\tex\latex\amsmath\amsgen.sty"
File: amsgen.sty 1999/11/30 v2.0
\@emptytoks=\toks15
\ex@=\dimen105
))
("C:\Program Files\MiKTeX 2.9\tex\latex\amsmath\amsbsy.sty"
Package: amsbsy 1999/11/29 v1.2d
\pmbraise@=\dimen106
)
("C:\Program Files\MiKTeX 2.9\tex\latex\amsmath\amsopn.sty"
Package: amsopn 1999/12/14 v2.01 operator names
)
\inf@bad=\count89
LaTeX Info: Redefining \frac on input line 210.
\uproot@=\count90
\leftroot@=\count91
LaTeX Info: Redefining \overline on input line 306.
\classnum@=\count92
\DOTSCASE@=\count93
LaTeX Info: Redefining \ldots on input line 378.
LaTeX Info: Redefining \dots on input line 381.
LaTeX Info: Redefining \cdots on input line 466.
\Mathstrutbox@=\box26
\strutbox@=\box27
\big@size=\dimen107
LaTeX Font Info:    Redeclaring font encoding OML on input line 566.
LaTeX Font Info:    Redeclaring font encoding OMS on input line 567.
\macc@depth=\count94
\c@MaxMatrixCols=\count95
\dotsspace@=\muskip10
\c@parentequation=\count96
\dspbrk@lvl=\count97
\tag@help=\toks16
\row@=\count98
\column@=\count99
\maxfields@=\count100
\andhelp@=\toks17
\eqnshift@=\dimen108
\alignsep@=\dimen109
\tagshift@=\dimen110
\tagwidth@=\dimen111
\totwidth@=\dimen112
\lineht@=\dimen113
\@envbody=\toks18
\multlinegap=\skip44
\multlinetaggap=\skip45
\mathdisplay@stack=\toks19
LaTeX Info: Redefining \[ on input line 2665.
LaTeX Info: Redefining \] on input line 2666.
)
("C:\Program Files\MiKTeX 2.9\tex\latex\amsfonts\amssymb.sty"
Package: amssymb 2013/01/14 v3.01 AMS font symbols

("C:\Program Files\MiKTeX 2.9\tex\latex\amsfonts\amsfonts.sty"
Package: amsfonts 2013/01/14 v3.01 Basic AMSFonts support
\symAMSa=\mathgroup4
\symAMSb=\mathgroup5
LaTeX Font Info:    Overwriting math alphabet `\mathfrak' in version `bold'
(Font)                  U/euf/m/n --> U/euf/b/n on input line 106.
))
("C:\Program Files\MiKTeX 2.9\tex\latex\subfigure\subfigure.sty"
Package: subfigure 2002/07/30 v2.1.4 subfigure package
\subfigtopskip=\skip46
\subfigcapskip=\skip47
\subfigcaptopadj=\dimen114
\subfigbottomskip=\skip48
\subfigcapmargin=\dimen115
\subfiglabelskip=\skip49
\c@subfigure=\count101
\c@lofdepth=\count102
\c@subtable=\count103
\c@lotdepth=\count104

****************************************
* Local config file subfigure.cfg used *
****************************************
("C:\Program Files\MiKTeX 2.9\tex\latex\subfigure\subfigure.cfg")
\subfig@top=\skip50
\subfig@bottom=\skip51
)
("C:\Program Files\MiKTeX 2.9\tex\latex\hyperref\hyperref.sty"
Package: hyperref 2012/11/06 v6.83m Hypertext links for LaTeX

("C:\Program Files\MiKTeX 2.9\tex\generic\oberdiek\hobsub-hyperref.sty"
Package: hobsub-hyperref 2012/04/25 v1.12 Bundle oberdiek, subset hyperref (HO)


("C:\Program Files\MiKTeX 2.9\tex\generic\oberdiek\hobsub-generic.sty"
Package: hobsub-generic 2012/04/25 v1.12 Bundle oberdiek, subset generic (HO)
Package: hobsub 2012/04/25 v1.12 Construct package bundles (HO)
Package hobsub Info: Skipping package `infwarerr' (already loaded).
Package hobsub Info: Skipping package `ltxcmds' (already loaded).
Package: ifluatex 2010/03/01 v1.3 Provides the ifluatex switch (HO)
Package ifluatex Info: LuaTeX not detected.
Package: ifvtex 2010/03/01 v1.5 Detect VTeX and its facilities (HO)
Package ifvtex Info: VTeX not detected.
Package: intcalc 2007/09/27 v1.1 Expandable calculations with integers (HO)
Package: ifpdf 2011/01/30 v2.3 Provides the ifpdf switch (HO)
Package ifpdf Info: pdfTeX in PDF mode is detected.
Package: etexcmds 2011/02/16 v1.5 Avoid name clashes with e-TeX commands (HO)
Package etexcmds Info: Could not find \expanded.
(etexcmds)             That can mean that you are not using pdfTeX 1.50 or
(etexcmds)             that some package has redefined \expanded.
(etexcmds)             In the latter case, load this package earlier.
Package: kvsetkeys 2012/04/25 v1.16 Key value parser (HO)
Package: kvdefinekeys 2011/04/07 v1.3 Define keys (HO)
Package: pdftexcmds 2011/11/29 v0.20 Utility functions of pdfTeX for LuaTeX (HO
)
Package pdftexcmds Info: LuaTeX not detected.
Package pdftexcmds Info: \pdf@primitive is available.
Package pdftexcmds Info: \pdf@ifprimitive is available.
Package pdftexcmds Info: \pdfdraftmode found.
Package: pdfescape 2011/11/25 v1.13 Implements pdfTeX's escape features (HO)
Package: bigintcalc 2012/04/08 v1.3 Expandable calculations on big integers (HO
)
Package: bitset 2011/01/30 v1.1 Handle bit-vector datatype (HO)
Package: uniquecounter 2011/01/30 v1.2 Provide unlimited unique counter (HO)
)
Package hobsub Info: Skipping package `hobsub' (already loaded).
Package: letltxmacro 2010/09/02 v1.4 Let assignment for LaTeX macros (HO)
Package: hopatch 2011/06/24 v1.1 Wrapper for package hooks (HO)
Package: xcolor-patch 2011/01/30 xcolor patch
Package: atveryend 2011/06/30 v1.8 Hooks at the very end of document (HO)
Package atveryend Info: \enddocument detected (standard20110627).
Package: atbegshi 2011/10/05 v1.16 At begin shipout hook (HO)
Package: refcount 2011/10/16 v3.4 Data extraction from label references (HO)
Package: hycolor 2011/01/30 v1.7 Color options for hyperref/bookmark (HO)
)
("C:\Program Files\MiKTeX 2.9\tex\generic\ifxetex\ifxetex.sty"
Package: ifxetex 2010/09/12 v0.6 Provides ifxetex conditional
)
("C:\Program Files\MiKTeX 2.9\tex\latex\oberdiek\auxhook.sty"
Package: auxhook 2011/03/04 v1.3 Hooks for auxiliary files (HO)
)
("C:\Program Files\MiKTeX 2.9\tex\latex\oberdiek\kvoptions.sty"
Package: kvoptions 2011/06/30 v3.11 Key value format for package options (HO)
)
\@linkdim=\dimen116
\Hy@linkcounter=\count105
\Hy@pagecounter=\count106

("C:\Program Files\MiKTeX 2.9\tex\latex\hyperref\pd1enc.def"
File: pd1enc.def 2012/11/06 v6.83m Hyperref: PDFDocEncoding definition (HO)
)
\Hy@SavedSpaceFactor=\count107

("C:\Program Files\MiKTeX 2.9\tex\latex\00miktex\hyperref.cfg"
File: hyperref.cfg 2002/06/06 v1.2 hyperref configuration of TeXLive
)
Package hyperref Info: Hyper figures OFF on input line 4443.
Package hyperref Info: Link nesting OFF on input line 4448.
Package hyperref Info: Hyper index ON on input line 4451.
Package hyperref Info: Plain pages OFF on input line 4458.
Package hyperref Info: Backreferencing OFF on input line 4463.
Package hyperref Info: Implicit mode ON; LaTeX internals redefined.
Package hyperref Info: Bookmarks ON on input line 4688.
\c@Hy@tempcnt=\count108

("C:\Program Files\MiKTeX 2.9\tex\latex\url\url.sty"
\Urlmuskip=\muskip11
Package: url 2013/09/16  ver 3.4  Verb mode for urls, etc.
)
LaTeX Info: Redefining \url on input line 5041.
\XeTeXLinkMargin=\dimen117
\Fld@menulength=\count109
\Field@Width=\dimen118
\Fld@charsize=\dimen119
Package hyperref Info: Hyper figures OFF on input line 6295.
Package hyperref Info: Link nesting OFF on input line 6300.
Package hyperref Info: Hyper index ON on input line 6303.
Package hyperref Info: backreferencing OFF on input line 6310.
Package hyperref Info: Link coloring OFF on input line 6315.
Package hyperref Info: Link coloring with OCG OFF on input line 6320.
Package hyperref Info: PDF/A mode OFF on input line 6325.
LaTeX Info: Redefining \ref on input line 6365.
LaTeX Info: Redefining \pageref on input line 6369.
\Hy@abspage=\count110
\c@Item=\count111
\c@Hfootnote=\count112
)

Package hyperref Message: Driver: hpdftex.

("C:\Program Files\MiKTeX 2.9\tex\latex\hyperref\hpdftex.def"
File: hpdftex.def 2012/11/06 v6.83m Hyperref driver for pdfTeX
\Fld@listcount=\count113
\c@bookmark@seq@number=\count114

("C:\Program Files\MiKTeX 2.9\tex\latex\oberdiek\rerunfilecheck.sty"
Package: rerunfilecheck 2011/04/15 v1.7 Rerun checks for auxiliary files (HO)
Package uniquecounter Info: New unique counter `rerunfilecheck' on input line 2
82.
)
\Hy@SectionHShift=\skip52
)
("C:\Program Files\MiKTeX 2.9\tex\latex\listings\listings.sty"
\lst@mode=\count115
\lst@gtempboxa=\box28
\lst@token=\toks20
\lst@length=\count116
\lst@currlwidth=\dimen120
\lst@column=\count117
\lst@pos=\count118
\lst@lostspace=\dimen121
\lst@width=\dimen122
\lst@newlines=\count119
\lst@lineno=\count120
\lst@maxwidth=\dimen123

("C:\Program Files\MiKTeX 2.9\tex\latex\listings\lstmisc.sty"
File: lstmisc.sty 2014/09/06 1.5e (Carsten Heinz)
\c@lstnumber=\count121
\lst@skipnumbers=\count122
\lst@framebox=\box29
)
("C:\Program Files\MiKTeX 2.9\tex\latex\listings\listings.cfg"
File: listings.cfg 2014/09/06 1.5e listings configuration
))
Package: listings 2014/09/06 1.5e (Carsten Heinz)

("C:\Program Files\MiKTeX 2.9\tex\latex\graphics\color.sty"
Package: color 2014/10/28 v1.1a Standard LaTeX Color (DPC)

("C:\Program Files\MiKTeX 2.9\tex\latex\00miktex\color.cfg"
File: color.cfg 2007/01/18 v1.5 color configuration of teTeX/TeXLive
)
Package color Info: Driver file: pdftex.def on input line 142.
)
Package hyperref Info: Option `pdftoolbar' set `true' on input line 28.
Package hyperref Info: Option `pdfmenubar' set `true' on input line 28.
Package hyperref Info: Option `pdffitwindow' set `true' on input line 28.
Package hyperref Info: Option `pdfnewwindow' set `true' on input line 28.
Package hyperref Info: Option `colorlinks' set `true' on input line 28.
 (ArmModelTB.aux)
LaTeX Font Info:    Checking defaults for OML/cmm/m/it on input line 32.
LaTeX Font Info:    ... okay on input line 32.
LaTeX Font Info:    Checking defaults for T1/cmr/m/n on input line 32.
LaTeX Font Info:    ... okay on input line 32.
LaTeX Font Info:    Checking defaults for OT1/cmr/m/n on input line 32.
LaTeX Font Info:    ... okay on input line 32.
LaTeX Font Info:    Checking defaults for OMS/cmsy/m/n on input line 32.
LaTeX Font Info:    ... okay on input line 32.
LaTeX Font Info:    Checking defaults for OMX/cmex/m/n on input line 32.
LaTeX Font Info:    ... okay on input line 32.
LaTeX Font Info:    Checking defaults for U/cmr/m/n on input line 32.
LaTeX Font Info:    ... okay on input line 32.
LaTeX Font Info:    Checking defaults for PD1/pdf/m/n on input line 32.
LaTeX Font Info:    ... okay on input line 32.

("C:\Program Files\MiKTeX 2.9\tex\context\base\supp-pdf.mkii"
[Loading MPS to PDF converter (version 2006.09.02).]
\scratchcounter=\count123
\scratchdimen=\dimen124
\scratchbox=\box30
\nofMPsegments=\count124
\nofMParguments=\count125
\everyMPshowfont=\toks21
\MPscratchCnt=\count126
\MPscratchDim=\dimen125
\MPnumerator=\count127
\makeMPintoPDFobject=\count128
\everyMPtoPDFconversion=\toks22
)
\AtBeginShipoutBox=\box31
Package hyperref Info: Link coloring ON on input line 32.
 ("C:\Program Files\MiKTeX 2.9\tex\latex\hyperref\nameref.sty"
Package: nameref 2012/10/27 v2.43 Cross-referencing by name of section

("C:\Program Files\MiKTeX 2.9\tex\generic\oberdiek\gettitlestring.sty"
Package: gettitlestring 2010/12/03 v1.4 Cleanup title references (HO)
)
\c@section@level=\count129
)
LaTeX Info: Redefining \ref on input line 32.
LaTeX Info: Redefining \pageref on input line 32.
LaTeX Info: Redefining \nameref on input line 32.

(ArmModelTB.out) (ArmModelTB.out)
\@outlinefile=\write3
\c@lstlisting=\count130
LaTeX Font Info:    Try loading font information for U+msa on input line 37.

("C:\Program Files\MiKTeX 2.9\tex\latex\amsfonts\umsa.fd"
File: umsa.fd 2013/01/14 v3.01 AMS symbols A
)
LaTeX Font Info:    Try loading font information for U+msb on input line 37.

("C:\Program Files\MiKTeX 2.9\tex\latex\amsfonts\umsb.fd"
File: umsb.fd 2013/01/14 v3.01 AMS symbols B
) [1

{C:/ProgramData/MiKTeX/2.9/pdftex/config/pdftex.map}]
Chapter 1.
<images/logo_isir.jpg, id=118, 160.6pt x 121.45375pt>
File: images/logo_isir.jpg Graphic file (type jpg)

<use images/logo_isir.jpg>
Package pdftex.def Info: images/logo_isir.jpg used on input line 58.
(pdftex.def)             Requested size: 160.5996pt x 121.45343pt.

Underfull \hbox (badness 2042) in paragraph at lines 61--63
\OT1/cmr/m/n/10.95 ci-plinary re-search lab-o-ra-tory that
 []


Underfull \hbox (badness 10000) in paragraph at lines 53--64
\OT1/cmr/m/n/10.95 from Febru-ary to July 2015.
 []


Underfull \hbox (badness 10000) in paragraph at lines 53--64

 []


Underfull \hbox (badness 10000) in paragraph at lines 53--64

 []

pdfTeX warning (ext4): destination with the same identifier (name{page.1}) has 
been already used, duplicate ignored
<to be read again> 
                   \relax 
l.66 
      [1

 <./images/logo_isir.jpg>]

LaTeX Warning: Citation `shadmehr10' on page 2 undefined on input line 69.


LaTeX Warning: Citation `rigoux12' on page 2 undefined on input line 69.

<images/canu_fig3.pdf, id=125, 568.06792pt x 255.07562pt>
File: images/canu_fig3.pdf Graphic file (type pdf)

<use images/canu_fig3.pdf>
Package pdftex.def Info: images/canu_fig3.pdf used on input line 74.
(pdftex.def)             Requested size: 360.0pt x 161.64816pt.


LaTeX Warning: Citation `shadmehr10' on page 2 undefined on input line 81.


LaTeX Warning: Citation `rigoux12' on page 2 undefined on input line 81.


LaTeX Warning: Citation `shadmehr10' on page 2 undefined on input line 81.


LaTeX Warning: Citation `rigoux12' on page 2 undefined on input line 81.


LaTeX Warning: Citation `fitts54_JEP' on page 2 undefined on input line 84.

[2 <./images/canu_fig3.pdf>]

LaTeX Warning: Citation `shadmehr10' on page 3 undefined on input line 88.


LaTeX Warning: Citation `rigoux12' on page 3 undefined on input line 88.


LaTeX Warning: Citation `Dean2007' on page 3 undefined on input line 88.


LaTeX Warning: Citation `shadmehr10' on page 3 undefined on input line 88.


LaTeX Warning: Citation `rigoux12' on page 3 undefined on input line 88.


LaTeX Warning: Citation `Dean2007' on page 3 undefined on input line 90.


LaTeX Warning: Citation `Dean2007' on page 3 undefined on input line 92.


LaTeX Warning: Citation `shadmehr10' on page 3 undefined on input line 94.


LaTeX Warning: Citation `rigoux12' on page 3 undefined on input line 94.


LaTeX Warning: Citation `Dean2007' on page 3 undefined on input line 94.


LaTeX Warning: Citation `rigoux12' on page 3 undefined on input line 96.


LaTeX Warning: Citation `harris98_N' on page 3 undefined on input line 96.


LaTeX Warning: Citation `todorov02_NN' on page 3 undefined on input line 96.


LaTeX Warning: Citation `todorov04_NN' on page 3 undefined on input line 96.


LaTeX Warning: Citation `todorov05_NC' on page 3 undefined on input line 96.


LaTeX Warning: Citation `shadmehr10' on page 3 undefined on input line 98.


LaTeX Warning: Citation `rigoux12' on page 3 undefined on input line 98.


LaTeX Warning: Citation `harris98_N' on page 3 undefined on input line 98.


LaTeX Warning: Citation `faisal08' on page 3 undefined on input line 98.


LaTeX Warning: Citation `shadmehr10' on page 3 undefined on input line 98.


LaTeX Warning: Citation `rigoux12' on page 3 undefined on input line 98.


LaTeX Warning: Citation `rigoux12' on page 3 undefined on input line 100.

[3] [4]
Chapter 2.
<figures/arm_model_horiz.pdf, id=170, 1664.2175pt x 459.7175pt>
File: figures/arm_model_horiz.pdf Graphic file (type pdf)

<use figures/arm_model_horiz.pdf>
Package pdftex.def Info: figures/arm_model_horiz.pdf used on input line 126.
(pdftex.def)             Requested size: 323.9978pt x 89.50075pt.
 [5

 <./figures/arm_model_horiz.pdf>]
Underfull \hbox (badness 10000) in paragraph at lines 140--145

 []


Overfull \hbox (2.68877pt too wide) in paragraph at lines 185--186
\OT1/cmr/m/n/10.95 All the mus-cles pa-ram-e-ters val-ues are sum-ma-rized in [
][]Ta-ble 3[][] in Ap-pendix [][]4.1[][]. 
 []

[6] ("C:\Program Files\MiKTeX 2.9\tex\latex\listings\lstlang1.sty"
File: lstlang1.sty 2014/09/06 1.5e listings language file
)
Package hyperref Info: bookmark level for unknown lstlisting defaults to 0 on i
nput line 218.

(codePython/ArmDynamics.py) (codePython/ArmDynamics.py
LaTeX Font Info:    Try loading font information for OMS+cmr on input line 45.

("C:\Program Files\MiKTeX 2.9\tex\latex\base\omscmr.fd"
File: omscmr.fd 2014/09/29 v2.5h Standard LaTeX font definitions
)
LaTeX Font Info:    Font shape `OMS/cmr/m/n' in size <10.95> not available
(Font)              Font shape `OMS/cmsy/m/n' tried instead on input line 45.
) [7]
<figures/armWorkspace.png, id=252, 586.8324pt x 442.2924pt>
File: figures/armWorkspace.png Graphic file (type png)

<use figures/armWorkspace.png>
Package pdftex.def Info: figures/armWorkspace.png used on input line 241.
(pdftex.def)             Requested size: 323.9978pt x 244.19966pt.
 [8]

LaTeX Warning: Citation `rigoux12' on page 9 undefined on input line 266.


LaTeX Warning: Citation `rigoux12' on page 9 undefined on input line 273.


LaTeX Warning: Citation `rigoux12' on page 9 undefined on input line 276.


LaTeX Warning: Citation `rigoux_these' on page 9 undefined on input line 278.

[9 <./figures/armWorkspace.png>]
Overfull \hbox (1.57568pt too wide) in paragraph at lines 321--322
[]\OT1/cmr/m/n/10.95 We use Mul-ti-vari-ate Gaus-sian ba-sis func-tions through
-out the in-put space.
 []

[10] <images/Multivariate_Gaussian.png, id=277, 301.125pt x 188.705pt>
File: images/Multivariate_Gaussian.png Graphic file (type png)

<use images/Multivariate_Gaussian.png>
Package pdftex.def Info: images/Multivariate_Gaussian.png used on input line 32
8.
(pdftex.def)             Requested size: 301.12425pt x 188.70453pt.
 [11 <./images/Multivariate_Gaussian.png>] (codePython/functionApproximator_RBF
N.py)
(codePython/functionApproximator_RBFN.py)
(codePython/functionApproximator_RBFN.py) [12pdfTeX warning (ext4): destination
 with the same identifier (name{equation.2.4.8}) has been already used, duplica
te ignored

\AtBegShi@Output ...ipout \box \AtBeginShipoutBox 
                                                  \fi \fi 
l.381 W
       e use in this part the CMA-ES(Covariance Matrix Adaptation Evolution ...
] <figures/cross-entropy.pdf, id=299, 185.493pt x 306.746pt>
File: figures/cross-entropy.pdf Graphic file (type pdf)

<use figures/cross-entropy.pdf>
Package pdftex.def Info: figures/cross-entropy.pdf used on input line 385.
(pdftex.def)             Requested size: 278.2388pt x 460.11787pt.
 [13 <./figures/cross-entropy.pdf>] [14]
Chapter 3.
Missing character: There is no Ã in font cmr10!
Missing character: There is no © in font cmr10!
[15

] <figures/cmaesProgression6000.png, id=323, 586.8324pt x 442.2924pt>
File: figures/cmaesProgression6000.png Graphic file (type png)

<use figures/cmaesProgression6000.png>
Package pdftex.def Info: figures/cmaesProgression6000.png used on input line 42
2.
(pdftex.def)             Requested size: 293.41548pt x 221.14566pt.

<figures/costMapRBFNShuffle1.png, id=324, 586.8324pt x 442.2924pt>
File: figures/costMapRBFNShuffle1.png Graphic file (type png)

<use figures/costMapRBFNShuffle1.png>
Package pdftex.def Info: figures/costMapRBFNShuffle1.png used on input line 430
.
(pdftex.def)             Requested size: 293.41548pt x 221.14566pt.
 [16 <./figures/cmaesProgression6000.png>] <figures/costMapAll.png, id=330, 116
4.9924pt x 659.1024pt>
File: figures/costMapAll.png Graphic file (type png)

<use figures/costMapAll.png>
Package pdftex.def Info: figures/costMapAll.png used on input line 438.
(pdftex.def)             Requested size: 349.50041pt x 197.73224pt.
 [17 <./figures/costMapRBFNShuffle1.png> <./figures/costMapAll.png>] <figures/t
imeDistance.png, id=337, 586.8324pt x 442.2924pt>
File: figures/timeDistance.png Graphic file (type png)

<use figures/timeDistance.png>
Package pdftex.def Info: figures/timeDistance.png used on input line 446.
(pdftex.def)             Requested size: 293.41548pt x 221.14566pt.

<figures/hitDispAll0p1_0p4175.png, id=338, 1164.9924pt x 659.1024pt>
File: figures/hitDispAll0p1_0p4175.png Graphic file (type png)

<use figures/hitDispAll0p1_0p4175.png>
Package pdftex.def Info: figures/hitDispAll0p1_0p4175.png used on input line 45
2.
(pdftex.def)             Requested size: 349.50041pt x 197.73224pt.
 [18 <./figures/timeDistance.png>]

LaTeX Warning: Citation `Soechting1984' on page 19 undefined on input line 465.



LaTeX Warning: Citation `Bootsma1994' on page 19 undefined on input line 465.


LaTeX Warning: Citation `Laurent1994' on page 19 undefined on input line 465.


LaTeX Warning: Citation `Plamondon1997' on page 19 undefined on input line 465.



LaTeX Warning: Citation `Smyrnis2000' on page 19 undefined on input line 465.


LaTeX Warning: Citation `Bootsma2004' on page 19 undefined on input line 465.

<figures/fittsLaw.png, id=345, 586.8324pt x 442.2924pt>
File: figures/fittsLaw.png Graphic file (type png)

<use figures/fittsLaw.png>
Package pdftex.def Info: figures/fittsLaw.png used on input line 469.
(pdftex.def)             Requested size: 293.41548pt x 221.14566pt.
 [19 <./figures/hitDispAll0p1_0p4175.png>]

LaTeX Warning: Citation `crossman1983' on page 20 undefined on input line 473.


LaTeX Warning: Citation `mackenzie1989' on page 20 undefined on input line 473.


<figures/velocityProfileTreachSize0p02.png, id=353, 586.8324pt x 442.2924pt>
File: figures/velocityProfileTreachSize0p02.png Graphic file (type png)

<use figures/velocityProfileTreachSize0p02.png>
Package pdftex.def Info: figures/velocityProfileTreachSize0p02.png used on inpu
t line 478.
(pdftex.def)             Requested size: 293.41548pt x 221.14566pt.
 [20 <./figures/fittsLaw.png> <./figures/velocityProfileTreachSize0p02.png>]

LaTeX Warning: Citation `todorov02_NN' on page 21 undefined on input line 483.

[21]
Chapter 4.
[22

]
Overfull \hbox (23.6313pt too wide) in paragraph at lines 541--569
 [] 
 []

[23] (codePython/functionApproximator_RBFN.py [24] [25] [26] [27])
(ArmModelTB.bbl [28])
Package atveryend Info: Empty hook `BeforeClearDocument' on input line 600.
 [29

]
Package atveryend Info: Empty hook `AfterLastShipout' on input line 600.
 (ArmModelTB.aux)
Package atveryend Info: Executing hook `AtVeryEndDocument' on input line 600.
Package atveryend Info: Executing hook `AtEndAfterFileList' on input line 600.
Package rerunfilecheck Info: File `ArmModelTB.out' has not changed.
(rerunfilecheck)             Checksum: E9CF6DE55E5262CC25BE1E7DF104BD9D;1817.


LaTeX Warning: There were undefined references.

Package atveryend Info: Empty hook `AtVeryVeryEnd' on input line 600.
 ) 
Here is how much of TeX's memory you used:
 7912 strings out of 493671
 113483 string characters out of 3143853
 318174 words of memory out of 3000000
 10909 multiletter control sequences out of 15000+200000
 15372 words of font info for 56 fonts, out of 3000000 for 9000
 1025 hyphenation exceptions out of 8191
 29i,15n,43p,1329b,1783s stack positions out of 5000i,500n,10000p,200000b,50000s
<C:/Program Files/MiKTeX 2.9/fonts/type1/public/amsfonts/cm/cmbsy10.pfb><C:/P
rogram Files/MiKTeX 2.9/fonts/type1/public/amsfonts/cmextra/cmbsy8.pfb><C:/Prog
ram Files/MiKTeX 2.9/fonts/type1/public/amsfonts/cm/cmbx10.pfb><C:/Program File
s/MiKTeX 2.9/fonts/type1/public/amsfonts/cm/cmbx12.pfb><C:/Program Files/MiKTeX
 2.9/fonts/type1/public/amsfonts/cm/cmbx8.pfb><C:/Program Files/MiKTeX 2.9/font
s/type1/public/amsfonts/cm/cmex10.pfb><C:/Program Files/MiKTeX 2.9/fonts/type1/
public/amsfonts/cm/cmmi10.pfb><C:/Program Files/MiKTeX 2.9/fonts/type1/public/a
msfonts/cm/cmmi8.pfb><C:/Program Files/MiKTeX 2.9/fonts/type1/public/amsfonts/c
m/cmmib10.pfb><C:/Program Files/MiKTeX 2.9/fonts/type1/public/amsfonts/cm/cmr10
.pfb><C:/Program Files/MiKTeX 2.9/fonts/type1/public/amsfonts/cm/cmr12.pfb><C:/
Program Files/MiKTeX 2.9/fonts/type1/public/amsfonts/cm/cmr17.pfb><C:/Program F
iles/MiKTeX 2.9/fonts/type1/public/amsfonts/cm/cmr8.pfb><C:/Program Files/MiKTe
X 2.9/fonts/type1/public/amsfonts/cm/cmsy10.pfb><C:/Program Files/MiKTeX 2.9/fo
nts/type1/public/amsfonts/cm/cmsy8.pfb><C:/Program Files/MiKTeX 2.9/fonts/type1
/public/amsfonts/cm/cmti10.pfb><C:/Program Files/MiKTeX 2.9/fonts/type1/public/
amsfonts/symbols/msbm10.pfb>
Output written on ArmModelTB.pdf (30 pages, 1066931 bytes).
PDF statistics:
 641 PDF objects out of 1000 (max. 8388607)
 238 named destinations out of 1000 (max. 500000)
 282 words of extra memory for PDF output out of 10000 (max. 10000000)

